2025-11-26 20:03:42 INFO TalentoTech: completando con los datos de usario
2025-11-26 20:03:42 INFO TalentoTech: Verificando que el login fue exitoso
2025-11-26 20:03:42 INFO TalentoTech: El login fue exitoso
2025-11-26 20:37:11 INFO TalentoTech: completando con los datos de usario
2025-11-26 20:37:11 INFO TalentoTech: Verificando que el login fue exitoso
2025-11-26 20:37:11 INFO TalentoTech: El login fue exitoso
2025-11-27 11:18:08 INFO TalentoTech: completando con los datos de usario
2025-11-27 11:18:08 INFO TalentoTech: Verificando que el login fue exitoso
2025-11-27 11:18:08 INFO TalentoTech: El login fue exitoso
2025-11-27 11:20:32 INFO TalentoTech: Realizando peticion GET para obtener usuario con ID 2
2025-11-27 11:20:32 INFO TalentoTech: Validando el codigo de estado de la respuesta GET
2025-11-27 11:20:32 INFO TalentoTech: Validando el ID del usuario obtenido
2025-11-27 11:20:33 INFO TalentoTech: Realizando peticion POST para crear un nuevo usuario
2025-11-27 11:20:33 INFO TalentoTech: Validando los datos del usuario creado: Damian, Tester Auto
2025-11-27 11:20:33 INFO TalentoTech: Realizando peticion DELETE para eliminar usuario con ID 2
2025-11-27 11:25:44 INFO TalentoTech: Realizando peticion GET para obtener usuario con ID 2
2025-11-27 11:25:44 INFO TalentoTech: Validando el codigo de estado de la respuesta GET
2025-11-27 11:25:44 INFO TalentoTech: Validando el ID del usuario obtenido
2025-11-27 11:25:44 INFO TalentoTech: Realizando peticion POST para crear un nuevo usuario
2025-11-27 11:25:45 INFO TalentoTech: Realizando peticion DELETE para eliminar usuario con ID 2
2025-11-27 11:26:23 INFO TalentoTech: completando con los datos de usario
2025-11-27 11:26:23 INFO TalentoTech: Verificando que el login fue exitoso
2025-11-27 11:26:23 INFO TalentoTech: El login fue exitoso
2025-11-27 11:28:42 INFO TalentoTech: Realizando peticion GET para obtener usuario con ID 2
2025-11-27 11:28:42 INFO TalentoTech: Validando el codigo de estado de la respuesta GET
2025-11-27 11:28:42 INFO TalentoTech: Validando el ID del usuario obtenido
2025-11-27 11:28:43 INFO TalentoTech: Realizando peticion POST para crear un nuevo usuario
2025-11-27 11:28:44 INFO TalentoTech: Realizando peticion DELETE para eliminar usuario con ID 2
2025-11-27 11:34:21 INFO TalentoTech: completando con los datos de usario
2025-11-27 11:34:21 INFO TalentoTech: Verificando que el login fue exitoso
2025-11-27 11:34:21 INFO TalentoTech: El login fue exitoso
2025-11-27 11:35:06 INFO TalentoTech: completando con los datos de usario
2025-11-27 11:35:06 INFO TalentoTech: Verificando que el login fue exitoso
2025-11-27 11:35:06 INFO TalentoTech: El login fue exitoso
2025-11-27 11:37:26 INFO TalentoTech: Realizando peticion GET para obtener usuario con ID 2
2025-11-27 11:37:26 INFO TalentoTech: Validando el codigo de estado de la respuesta GET
2025-11-27 11:37:26 INFO TalentoTech: Validando el ID del usuario obtenido
2025-11-27 11:37:27 INFO TalentoTech: Realizando peticion POST para crear un nuevo usuario
2025-11-27 11:37:27 ERROR TalentoTech: -----Error al crear el usuario
2025-11-27 11:37:28 INFO TalentoTech: Realizando peticion DELETE para eliminar usuario con ID 2
2025-11-27 12:10:12 INFO TalentoTech: completando con los datos de usario
2025-11-27 12:10:12 INFO TalentoTech: Verificando que el login fue exitoso
2025-11-27 12:10:12 INFO TalentoTech: El login fue exitoso
2025-11-27 12:12:32 INFO TalentoTech: Realizando peticion GET para obtener usuario con ID 2
2025-11-27 12:12:32 INFO TalentoTech: Validando el codigo de estado de la respuesta GET
2025-11-27 12:12:32 INFO TalentoTech: Validando el ID del usuario obtenido
2025-11-27 12:12:33 INFO TalentoTech: Realizando peticion POST para crear un nuevo usuario
2025-11-27 12:12:33 INFO TalentoTech: Validando los datos del usuario creado: Damian, Tester Auto
2025-11-27 12:12:33 INFO TalentoTech: Realizando peticion DELETE para eliminar usuario con ID 2
2025-11-27 13:14:42 INFO TalentoTech: completando con los datos de usario
2025-11-27 13:14:42 INFO TalentoTech: Verificando que el login fue exitoso
2025-11-27 13:14:42 INFO TalentoTech: El login fue exitoso
2025-11-27 13:14:47 INFO TalentoTech: Validando el titulo de la pagina y la presencia de productos en el inventario
2025-11-27 13:14:47 INFO TalentoTech: Validando que el carrito de compras esté vacío al iniciar sesión
2025-11-27 13:14:58 INFO TalentoTech: Validando que el carrito de compras tenga un producto después de agregar un ítem
2025-11-27 13:15:20 INFO TalentoTech: Validando que el carrito contenga un producto
2025-11-27 13:15:41 INFO TalentoTech: Validando que el producto Sauce Labs Backpack este en el carrito de compras
2025-11-27 13:16:03 INFO TalentoTech: Validando que el producto Sauce Labs Bike Light este en el carrito de compras
2025-11-27 13:16:24 INFO TalentoTech: Validando que el producto Sauce Labs Bolt T-Shirt este en el carrito de compras
2025-11-27 13:17:11 INFO TalentoTech: Realizando peticion GET para obtener usuario con ID 2
2025-11-27 13:17:11 INFO TalentoTech: Validando el codigo de estado de la respuesta GET
2025-11-27 13:17:11 INFO TalentoTech: Validando el ID del usuario obtenido
2025-11-27 13:17:12 INFO TalentoTech: Realizando peticion POST para crear un nuevo usuario
2025-11-27 13:17:12 INFO TalentoTech: Validando los datos del usuario creado: Damian, Tester Auto
2025-11-27 13:17:13 INFO TalentoTech: Realizando peticion DELETE para eliminar usuario con ID 2
